<?xml version="1.0" encoding="UTF-8"?>
<!-- Generated by org.testng.reporters.JUnitReportReporter -->
<testsuite hostname="LAPTOP-DVG7SGTJ" failures="0" tests="5" name="Practicing_TestNG.Basics" time="0.015" errors="0" timestamp="2025-08-03T11:15:49 IST" skipped="1">
  <testcase classname="Practicing_TestNG.Basics" name="usingDescription" time="0.001"/>
  <system-out/>
  <testcase classname="Practicing_TestNG.Basics" name="testingPriorityAnnotation2" time="0.002"/>
  <system-out/>
  <testcase classname="Practicing_TestNG.Basics" name="keepingEnabledAsTrue" time="0.012"/>
  <system-out/>
  <testcase classname="Practicing_TestNG.Basics" name="testingPriorityAnnotation" time="0.000"/>
  <system-out/>
  <testcase classname="Practicing_TestNG.Basics" name="keepingEnabledAsFalse">
    <skipped/>
  </testcase> <!-- keepingEnabledAsFalse -->
  <system-out/>
</testsuite> <!-- Practicing_TestNG.Basics -->
