<?xml version="1.0" encoding="UTF-8"?>
<!-- Generated by org.testng.reporters.JUnitReportReporter -->
<testsuite hostname="DESKTOP-OIVRE2M" failures="0" tests="1" name="mvnTest.testNG.mvnTesting" time="20.824" errors="0" timestamp="2024-04-03T15:58:11 IST" skipped="0">
  <testcase classname="mvnTest.testNG.mvnTesting" name="firstmvn" time="20.824"/>
  <system-out/>
</testsuite> <!-- mvnTest.testNG.mvnTesting -->
