<?xml version="1.0" encoding="UTF-8"?>
<!-- Generated by org.testng.reporters.JUnitReportReporter -->
<testsuite hostname="LAPTOP-DVG7SGTJ" failures="0" tests="1" name="mvnTest.testNG.maven" time="5.087" errors="0" timestamp="2024-04-24T13:03:20 IST" skipped="0">
  <testcase classname="mvnTest.testNG.maven" name="first" time="5.087"/>
  <system-out/>
</testsuite> <!-- mvnTest.testNG.maven -->
