<?xml version="1.0" encoding="UTF-8"?>
<!-- Generated by org.testng.reporters.JUnitReportReporter -->
<testsuite hostname="DESKTOP-OIVRE2M" failures="0" tests="1" name="mvnTest.testNG.maven" time="20.701" errors="0" timestamp="2024-04-03T15:32:44 IST" skipped="0">
  <testcase classname="mvnTest.testNG.maven" name="first" time="20.701"/>
  <system-out/>
</testsuite> <!-- mvnTest.testNG.maven -->
