<?xml version="1.0" encoding="UTF-8"?>
<!-- Generated by org.testng.reporters.JUnitReportReporter -->
<testsuite hostname="LAPTOP-DVG7SGTJ" failures="0" tests="1" name="mvnTest.testNG.mvnTesting" time="10.415" errors="0" timestamp="2024-04-24T13:03:06 IST" skipped="0">
  <testcase classname="mvnTest.testNG.mvnTesting" name="firstmvn" time="10.415"/>
  <system-out/>
</testsuite> <!-- mvnTest.testNG.mvnTesting -->
