<?xml version="1.0" encoding="UTF-8"?>
<!-- Generated by org.testng.reporters.JUnitReportReporter -->
<testsuite hostname="LAPTOP-DVG7SGTJ" failures="0" tests="1" name="mvnTest.testNG.maven" time="6.237" errors="0" timestamp="2024-04-17T16:04:25 IST" skipped="0">
  <testcase classname="mvnTest.testNG.maven" name="first" time="6.237"/>
</testsuite> <!-- mvnTest.testNG.maven -->
