<?xml version="1.0" encoding="UTF-8"?>
<!-- Generated by org.testng.reporters.JUnitReportReporter -->
<testsuite hostname="DESKTOP-OIVRE2M" failures="0" tests="1" name="mvnTest.testNG.mvnTesting" time="22.632" errors="0" timestamp="2024-04-03T16:15:16 IST" skipped="0">
  <testcase classname="mvnTest.testNG.mvnTesting" name="firstmvn" time="22.632"/>
</testsuite> <!-- mvnTest.testNG.mvnTesting -->
